Error: The read operation timed out
Traceback (most recent call last):
  File "C:\Users\chakr\AppData\Local\Programs\Python\Python310\lib\site-packages\httpx\_transports\default.py", line 101, in map_httpcore_exceptions
    yield
  File "C:\Users\chakr\AppData\Local\Programs\Python\Python310\lib\site-packages\httpx\_transports\default.py", line 250, in handle_request
    resp = self._pool.handle_request(req)
  File "C:\Users\chakr\AppData\Local\Programs\Python\Python310\lib\site-packages\httpcore\_sync\connection_pool.py", line 256, in handle_request
    raise exc from None
  File "C:\Users\chakr\AppData\Local\Programs\Python\Python310\lib\site-packages\httpcore\_sync\connection_pool.py", line 236, in handle_request
    response = connection.handle_request(
  File "C:\Users\chakr\AppData\Local\Programs\Python\Python310\lib\site-packages\httpcore\_sync\connection.py", line 103, in handle_request
    return self._connection.handle_request(request)
  File "C:\Users\chakr\AppData\Local\Programs\Python\Python310\lib\site-packages\httpcore\_sync\http11.py", line 136, in handle_request
    raise exc
  File "C:\Users\chakr\AppData\Local\Programs\Python\Python310\lib\site-packages\httpcore\_sync\http11.py", line 106, in handle_request
    ) = self._receive_response_headers(**kwargs)
  File "C:\Users\chakr\AppData\Local\Programs\Python\Python310\lib\site-packages\httpcore\_sync\http11.py", line 177, in _receive_response_headers
    event = self._receive_event(timeout=timeout)
  File "C:\Users\chakr\AppData\Local\Programs\Python\Python310\lib\site-packages\httpcore\_sync\http11.py", line 217, in _receive_event
    data = self._network_stream.read(
  File "C:\Users\chakr\AppData\Local\Programs\Python\Python310\lib\site-packages\httpcore\_backends\sync.py", line 126, in read
    with map_exceptions(exc_map):
  File "C:\Users\chakr\AppData\Local\Programs\Python\Python310\lib\contextlib.py", line 153, in __exit__
    self.gen.throw(typ, value, traceback)
  File "C:\Users\chakr\AppData\Local\Programs\Python\Python310\lib\site-packages\httpcore\_exceptions.py", line 14, in map_exceptions
    raise to_exc(exc) from exc
httpcore.ReadTimeout: The read operation timed out

The above exception was the direct cause of the following exception:

Traceback (most recent call last):
  File "C:\Users\chakr\OneDrive\Desktop\Personashield\security_assistant.py", line 73, in ask_security_assistant
    response = client.chat(
  File "C:\Users\chakr\AppData\Local\Programs\Python\Python310\lib\site-packages\cohere\client.py", line 103, in _wrapped
    return func(*args, **kwargs)
  File "C:\Users\chakr\AppData\Local\Programs\Python\Python310\lib\site-packages\cohere\client.py", line 35, in _wrapped
    return method(*args, **kwargs)
  File "C:\Users\chakr\AppData\Local\Programs\Python\Python310\lib\site-packages\cohere\base_client.py", line 730, in chat
    _response = self._raw_client.chat(
  File "C:\Users\chakr\AppData\Local\Programs\Python\Python310\lib\site-packages\cohere\raw_base_client.py", line 802, in chat
    _response = self._client_wrapper.httpx_client.request(
  File "C:\Users\chakr\AppData\Local\Programs\Python\Python310\lib\site-packages\cohere\core\http_client.py", line 382, in request
    response = self.httpx_client.request(
  File "C:\Users\chakr\AppData\Local\Programs\Python\Python310\lib\site-packages\httpx\_client.py", line 825, in request
    return self.send(request, auth=auth, follow_redirects=follow_redirects)
  File "C:\Users\chakr\AppData\Local\Programs\Python\Python310\lib\site-packages\httpx\_client.py", line 914, in send
    response = self._send_handling_auth(
  File "C:\Users\chakr\AppData\Local\Programs\Python\Python310\lib\site-packages\httpx\_client.py", line 942, in _send_handling_auth
    response = self._send_handling_redirects(
  File "C:\Users\chakr\AppData\Local\Programs\Python\Python310\lib\site-packages\httpx\_client.py", line 979, in _send_handling_redirects
    response = self._send_single_request(request)
  File "C:\Users\chakr\AppData\Local\Programs\Python\Python310\lib\site-packages\httpx\_client.py", line 1014, in _send_single_request
    response = transport.handle_request(request)
  File "C:\Users\chakr\AppData\Local\Programs\Python\Python310\lib\site-packages\httpx\_transports\default.py", line 249, in handle_request
    with map_httpcore_exceptions():
  File "C:\Users\chakr\AppData\Local\Programs\Python\Python310\lib\contextlib.py", line 153, in __exit__
    self.gen.throw(typ, value, traceback)
  File "C:\Users\chakr\AppData\Local\Programs\Python\Python310\lib\site-packages\httpx\_transports\default.py", line 118, in map_httpcore_exceptions
    raise mapped_exc(message) from exc
httpx.ReadTimeout: The read operation timed out

